

***********************************************************************
Fatal NI connect error 12500, connecting to:
 (DESCRIPTION=(ADDRESS=(PROTOCOL=TCP)(HOST=localhost)(PORT=1521))(CONNECT_DATA=(SERVICE_NAME=minak)(CID=(PROGRAM=C:\Program Files\Borland\Delphi7\Bin\delphi32.exe)(HOST=MINAKJINGGO)(USER=Uung?Barlianto?S.Si))))

  VERSION INFORMATION:
	TNS for 32-bit Windows: Version 9.0.1.1.0 - Production
	Windows NT TCP/IP NT Protocol Adapter for 32-bit Windows: Version 9.0.1.1.0 - Production
  Time: 19-JUN-2008 18:53:49
  Tracing not turned on.
  Tns error struct:
    nr err code: 0
    ns main err code: 12564
    TNS-12564: TNS:connection refused
    ns secondary err code: 0
    nt main err code: 0
    nt secondary err code: 0
    nt OS err code: 0


***********************************************************************
Fatal NI connect error 12535, connecting to:
 (DESCRIPTION=(ADDRESS=(PROTOCOL=TCP)(HOST=5.219.69.215)(PORT=1521))(CONNECT_DATA=(SERVICE_NAME=PISMATEX)(CID=(PROGRAM=C:\Program Files\Borland\Delphi7\Bin\delphi32.exe)(HOST=MINAKJINGGO)(USER=Uung?Barlianto?S.Si))))

  VERSION INFORMATION:
	TNS for 32-bit Windows: Version 9.0.1.1.0 - Production
	Windows NT TCP/IP NT Protocol Adapter for 32-bit Windows: Version 9.0.1.1.0 - Production
  Time: 26-JUN-2008 08:20:14
  Tracing not turned on.
  Tns error struct:
    nr err code: 0
    ns main err code: 12535
    TNS-12535: TNS:operation timed out
    ns secondary err code: 12560
    nt main err code: 505
    TNS-00505: Operation timed out
    nt secondary err code: 60
    nt OS err code: 0


***********************************************************************
Fatal NI connect error 12535, connecting to:
 (DESCRIPTION=(ADDRESS=(PROTOCOL=TCP)(HOST=5.219.69.215)(PORT=1521))(CONNECT_DATA=(SERVICE_NAME=PISMATEX)(CID=(PROGRAM=C:\Program Files\Borland\Delphi7\Bin\delphi32.exe)(HOST=MINAKBLAMBANGAN)(USER=Uung?Barlianto?S.Si))))

  VERSION INFORMATION:
	TNS for 32-bit Windows: Version 9.0.1.1.0 - Production
	Windows NT TCP/IP NT Protocol Adapter for 32-bit Windows: Version 9.0.1.1.0 - Production
  Time: 20-AGT-2008 11:49:48
  Tracing not turned on.
  Tns error struct:
    nr err code: 0
    ns main err code: 12535
    TNS-12535: TNS:operation timed out
    ns secondary err code: 12560
    nt main err code: 505
    TNS-00505: Operation timed out
    nt secondary err code: 60
    nt OS err code: 0


***********************************************************************
Fatal NI connect error 12541, connecting to:
 (DESCRIPTION=(ADDRESS=(PROTOCOL=TCP)(HOST=192.168.1.130)(PORT=1521))(CONNECT_DATA=(SERVICE_NAME=PRODUKSI)(CID=(PROGRAM=C:\Program Files\Borland\Delphi7\Bin\delphi32.exe)(HOST=SERVER-DATA-WH1)(USER=Administrator))))

  VERSION INFORMATION:
	TNS for 32-bit Windows: Version 9.0.1.1.0 - Production
	Windows NT TCP/IP NT Protocol Adapter for 32-bit Windows: Version 9.0.1.1.0 - Production
  Time: 20-FEB-2014 10:07:45
  Tracing not turned on.
  Tns error struct:
    nr err code: 0
    ns main err code: 12541
    TNS-12541: TNS:no listener
    ns secondary err code: 12560
    nt main err code: 511
    TNS-00511: No listener
    nt secondary err code: 61
    nt OS err code: 0


***********************************************************************
Fatal NI connect error 12535, connecting to:
 (DESCRIPTION=(ADDRESS=(PROTOCOL=TCP)(HOST=192.168.1.225)(PORT=1521))(CONNECT_DATA=(SERVICE_NAME=produksi)(CID=(PROGRAM=C:\Program Files\Borland\Delphi7\Bin\delphi32.exe)(HOST=AGUS-PC)(USER=Administrator))))

  VERSION INFORMATION:
	TNS for 32-bit Windows: Version 9.0.1.1.0 - Production
	Windows NT TCP/IP NT Protocol Adapter for 32-bit Windows: Version 9.0.1.1.0 - Production
  Time: 13-APR-2015 13:52:28
  Tracing not turned on.
  Tns error struct:
    nr err code: 0
    ns main err code: 12535
    TNS-12535: TNS:operation timed out
    ns secondary err code: 12560
    nt main err code: 505
    TNS-00505: Operation timed out
    nt secondary err code: 60
    nt OS err code: 0


***********************************************************************
Fatal NI connect error 12500, connecting to:
 (DESCRIPTION=(ADDRESS=(PROTOCOL=TCP)(HOST=192.168.1.225)(PORT=1521))(CONNECT_DATA=(SERVICE_NAME=PRODUKSI)(CID=(PROGRAM=C:\Program Files\Borland\Delphi7\Bin\delphi32.exe)(HOST=AGUS_MIS-PC)(USER=Administrator))))

  VERSION INFORMATION:
	TNS for 32-bit Windows: Version 9.0.1.1.0 - Production
	Windows NT TCP/IP NT Protocol Adapter for 32-bit Windows: Version 9.0.1.1.0 - Production
  Time: 21-NOP-2015 08:30:24
  Tracing not turned on.
  Tns error struct:
    nr err code: 0
    ns main err code: 12564
    TNS-12564: TNS:connection refused
    ns secondary err code: 0
    nt main err code: 0
    nt secondary err code: 0
    nt OS err code: 0


***********************************************************************
Fatal NI connect error 12500, connecting to:
 (DESCRIPTION=(ADDRESS=(PROTOCOL=TCP)(HOST=192.168.1.225)(PORT=1521))(CONNECT_DATA=(SERVICE_NAME=PRODUKSI)(CID=(PROGRAM=C:\Program Files\Borland\Delphi7\Bin\delphi32.exe)(HOST=AGUS_MIS-PC)(USER=Administrator))))

  VERSION INFORMATION:
	TNS for 32-bit Windows: Version 9.0.1.1.0 - Production
	Windows NT TCP/IP NT Protocol Adapter for 32-bit Windows: Version 9.0.1.1.0 - Production
  Time: 21-NOP-2015 08:30:44
  Tracing not turned on.
  Tns error struct:
    nr err code: 0
    ns main err code: 12564
    TNS-12564: TNS:connection refused
    ns secondary err code: 0
    nt main err code: 0
    nt secondary err code: 0
    nt OS err code: 0


***********************************************************************
Fatal NI connect error 12500, connecting to:
 (DESCRIPTION=(ADDRESS=(PROTOCOL=TCP)(HOST=192.168.1.225)(PORT=1521))(CONNECT_DATA=(SERVICE_NAME=PRODUKSI)(CID=(PROGRAM=C:\Program Files\Borland\Delphi7\Bin\delphi32.exe)(HOST=AGUS_MIS-PC)(USER=Administrator))))

  VERSION INFORMATION:
	TNS for 32-bit Windows: Version 9.0.1.1.0 - Production
	Windows NT TCP/IP NT Protocol Adapter for 32-bit Windows: Version 9.0.1.1.0 - Production
  Time: 21-NOP-2015 08:30:58
  Tracing not turned on.
  Tns error struct:
    nr err code: 0
    ns main err code: 12564
    TNS-12564: TNS:connection refused
    ns secondary err code: 0
    nt main err code: 0
    nt secondary err code: 0
    nt OS err code: 0


***********************************************************************
Fatal NI connect error 12500, connecting to:
 (DESCRIPTION=(ADDRESS=(PROTOCOL=TCP)(HOST=192.168.1.225)(PORT=1521))(CONNECT_DATA=(SERVICE_NAME=PRODUKSI)(CID=(PROGRAM=C:\Program Files\Borland\Delphi7\Bin\delphi32.exe)(HOST=AGUS_MIS-PC)(USER=Administrator))))

  VERSION INFORMATION:
	TNS for 32-bit Windows: Version 9.0.1.1.0 - Production
	Windows NT TCP/IP NT Protocol Adapter for 32-bit Windows: Version 9.0.1.1.0 - Production
  Time: 21-NOP-2015 08:31:05
  Tracing not turned on.
  Tns error struct:
    nr err code: 0
    ns main err code: 12564
    TNS-12564: TNS:connection refused
    ns secondary err code: 0
    nt main err code: 0
    nt secondary err code: 0
    nt OS err code: 0


***********************************************************************
Fatal NI connect error 12500, connecting to:
 (DESCRIPTION=(ADDRESS=(PROTOCOL=TCP)(HOST=192.168.1.225)(PORT=1521))(CONNECT_DATA=(SERVICE_NAME=PRODUKSI)(CID=(PROGRAM=C:\Program Files\Borland\Delphi7\Bin\delphi32.exe)(HOST=AGUS_MIS-PC)(USER=Administrator))))

  VERSION INFORMATION:
	TNS for 32-bit Windows: Version 9.0.1.1.0 - Production
	Windows NT TCP/IP NT Protocol Adapter for 32-bit Windows: Version 9.0.1.1.0 - Production
  Time: 21-NOP-2015 08:31:07
  Tracing not turned on.
  Tns error struct:
    nr err code: 0
    ns main err code: 12564
    TNS-12564: TNS:connection refused
    ns secondary err code: 0
    nt main err code: 0
    nt secondary err code: 0
    nt OS err code: 0


***********************************************************************
Fatal NI connect error 12500, connecting to:
 (DESCRIPTION=(ADDRESS=(PROTOCOL=TCP)(HOST=192.168.1.225)(PORT=1521))(CONNECT_DATA=(SERVICE_NAME=PRODUKSI)(CID=(PROGRAM=C:\Program Files\Borland\Delphi7\Bin\delphi32.exe)(HOST=AGUS_MIS-PC)(USER=Administrator))))

  VERSION INFORMATION:
	TNS for 32-bit Windows: Version 9.0.1.1.0 - Production
	Windows NT TCP/IP NT Protocol Adapter for 32-bit Windows: Version 9.0.1.1.0 - Production
  Time: 21-NOP-2015 08:31:09
  Tracing not turned on.
  Tns error struct:
    nr err code: 0
    ns main err code: 12564
    TNS-12564: TNS:connection refused
    ns secondary err code: 0
    nt main err code: 0
    nt secondary err code: 0
    nt OS err code: 0


***********************************************************************
Fatal NI connect error 12500, connecting to:
 (DESCRIPTION=(ADDRESS=(PROTOCOL=TCP)(HOST=192.168.1.225)(PORT=1521))(CONNECT_DATA=(SERVICE_NAME=PRODUKSI)(CID=(PROGRAM=C:\Program Files\Borland\Delphi7\Bin\delphi32.exe)(HOST=AGUS_MIS-PC)(USER=Administrator))))

  VERSION INFORMATION:
	TNS for 32-bit Windows: Version 9.0.1.1.0 - Production
	Windows NT TCP/IP NT Protocol Adapter for 32-bit Windows: Version 9.0.1.1.0 - Production
  Time: 21-NOP-2015 08:31:12
  Tracing not turned on.
  Tns error struct:
    nr err code: 0
    ns main err code: 12564
    TNS-12564: TNS:connection refused
    ns secondary err code: 0
    nt main err code: 0
    nt secondary err code: 0
    nt OS err code: 0


***********************************************************************
Fatal NI connect error 12500, connecting to:
 (DESCRIPTION=(ADDRESS=(PROTOCOL=TCP)(HOST=192.168.1.225)(PORT=1521))(CONNECT_DATA=(SERVICE_NAME=PRODUKSI)(CID=(PROGRAM=C:\Program Files\Borland\Delphi7\Bin\delphi32.exe)(HOST=AGUS_MIS-PC)(USER=Administrator))))

  VERSION INFORMATION:
	TNS for 32-bit Windows: Version 9.0.1.1.0 - Production
	Windows NT TCP/IP NT Protocol Adapter for 32-bit Windows: Version 9.0.1.1.0 - Production
  Time: 21-NOP-2015 08:31:15
  Tracing not turned on.
  Tns error struct:
    nr err code: 0
    ns main err code: 12564
    TNS-12564: TNS:connection refused
    ns secondary err code: 0
    nt main err code: 0
    nt secondary err code: 0
    nt OS err code: 0


***********************************************************************
Fatal NI connect error 12500, connecting to:
 (DESCRIPTION=(ADDRESS=(PROTOCOL=TCP)(HOST=192.168.1.225)(PORT=1521))(CONNECT_DATA=(SERVICE_NAME=PRODUKSI)(CID=(PROGRAM=C:\Program Files\Borland\Delphi7\Bin\delphi32.exe)(HOST=AGUS_MIS-PC)(USER=Administrator))))

  VERSION INFORMATION:
	TNS for 32-bit Windows: Version 9.0.1.1.0 - Production
	Windows NT TCP/IP NT Protocol Adapter for 32-bit Windows: Version 9.0.1.1.0 - Production
  Time: 21-NOP-2015 08:31:19
  Tracing not turned on.
  Tns error struct:
    nr err code: 0
    ns main err code: 12564
    TNS-12564: TNS:connection refused
    ns secondary err code: 0
    nt main err code: 0
    nt secondary err code: 0
    nt OS err code: 0


***********************************************************************
Fatal NI connect error 12500, connecting to:
 (DESCRIPTION=(ADDRESS=(PROTOCOL=TCP)(HOST=192.168.1.225)(PORT=1521))(CONNECT_DATA=(SERVICE_NAME=PRODUKSI)(CID=(PROGRAM=C:\Program Files\Borland\Delphi7\Bin\delphi32.exe)(HOST=AGUS_MIS-PC)(USER=Administrator))))

  VERSION INFORMATION:
	TNS for 32-bit Windows: Version 9.0.1.1.0 - Production
	Windows NT TCP/IP NT Protocol Adapter for 32-bit Windows: Version 9.0.1.1.0 - Production
  Time: 21-NOP-2015 09:08:07
  Tracing not turned on.
  Tns error struct:
    nr err code: 0
    ns main err code: 12564
    TNS-12564: TNS:connection refused
    ns secondary err code: 0
    nt main err code: 0
    nt secondary err code: 0
    nt OS err code: 0


***********************************************************************
Fatal NI connect error 12500, connecting to:
 (DESCRIPTION=(ADDRESS=(PROTOCOL=TCP)(HOST=192.168.1.225)(PORT=1521))(CONNECT_DATA=(SERVICE_NAME=PRODUKSI)(CID=(PROGRAM=C:\Program Files\Borland\Delphi7\Bin\delphi32.exe)(HOST=AGUS_MIS-PC)(USER=Administrator))))

  VERSION INFORMATION:
	TNS for 32-bit Windows: Version 9.0.1.1.0 - Production
	Windows NT TCP/IP NT Protocol Adapter for 32-bit Windows: Version 9.0.1.1.0 - Production
  Time: 21-NOP-2015 09:08:14
  Tracing not turned on.
  Tns error struct:
    nr err code: 0
    ns main err code: 12564
    TNS-12564: TNS:connection refused
    ns secondary err code: 0
    nt main err code: 0
    nt secondary err code: 0
    nt OS err code: 0


***********************************************************************
Fatal NI connect error 12500, connecting to:
 (DESCRIPTION=(ADDRESS=(PROTOCOL=TCP)(HOST=192.168.1.225)(PORT=1521))(CONNECT_DATA=(SERVICE_NAME=PRODUKSI)(CID=(PROGRAM=C:\Program Files\Borland\Delphi7\Bin\delphi32.exe)(HOST=AGUS_MIS-PC)(USER=Administrator))))

  VERSION INFORMATION:
	TNS for 32-bit Windows: Version 9.0.1.1.0 - Production
	Windows NT TCP/IP NT Protocol Adapter for 32-bit Windows: Version 9.0.1.1.0 - Production
  Time: 21-NOP-2015 09:08:27
  Tracing not turned on.
  Tns error struct:
    nr err code: 0
    ns main err code: 12564
    TNS-12564: TNS:connection refused
    ns secondary err code: 0
    nt main err code: 0
    nt secondary err code: 0
    nt OS err code: 0


***********************************************************************
Fatal NI connect error 12500, connecting to:
 (DESCRIPTION=(ADDRESS=(PROTOCOL=TCP)(HOST=192.168.1.225)(PORT=1521))(CONNECT_DATA=(SERVICE_NAME=PRODUKSI)(CID=(PROGRAM=C:\Program Files\Borland\Delphi7\Bin\delphi32.exe)(HOST=AGUS_MIS-PC)(USER=Administrator))))

  VERSION INFORMATION:
	TNS for 32-bit Windows: Version 9.0.1.1.0 - Production
	Windows NT TCP/IP NT Protocol Adapter for 32-bit Windows: Version 9.0.1.1.0 - Production
  Time: 21-NOP-2015 09:09:06
  Tracing not turned on.
  Tns error struct:
    nr err code: 0
    ns main err code: 12564
    TNS-12564: TNS:connection refused
    ns secondary err code: 0
    nt main err code: 0
    nt secondary err code: 0
    nt OS err code: 0


***********************************************************************
Fatal NI connect error 12500, connecting to:
 (DESCRIPTION=(ADDRESS=(PROTOCOL=TCP)(HOST=192.168.1.225)(PORT=1521))(CONNECT_DATA=(SERVICE_NAME=PRODUKSI)(CID=(PROGRAM=C:\Program Files\Borland\Delphi7\Bin\delphi32.exe)(HOST=AGUS_MIS-PC)(USER=Administrator))))

  VERSION INFORMATION:
	TNS for 32-bit Windows: Version 9.0.1.1.0 - Production
	Windows NT TCP/IP NT Protocol Adapter for 32-bit Windows: Version 9.0.1.1.0 - Production
  Time: 21-NOP-2015 09:09:08
  Tracing not turned on.
  Tns error struct:
    nr err code: 0
    ns main err code: 12564
    TNS-12564: TNS:connection refused
    ns secondary err code: 0
    nt main err code: 0
    nt secondary err code: 0
    nt OS err code: 0


***********************************************************************
Fatal NI connect error 12500, connecting to:
 (DESCRIPTION=(ADDRESS=(PROTOCOL=TCP)(HOST=192.168.1.225)(PORT=1521))(CONNECT_DATA=(SERVICE_NAME=PRODUKSI)(CID=(PROGRAM=C:\Program Files\Borland\Delphi7\Bin\delphi32.exe)(HOST=AGUS_MIS-PC)(USER=Administrator))))

  VERSION INFORMATION:
	TNS for 32-bit Windows: Version 9.0.1.1.0 - Production
	Windows NT TCP/IP NT Protocol Adapter for 32-bit Windows: Version 9.0.1.1.0 - Production
  Time: 21-NOP-2015 09:09:09
  Tracing not turned on.
  Tns error struct:
    nr err code: 0
    ns main err code: 12564
    TNS-12564: TNS:connection refused
    ns secondary err code: 0
    nt main err code: 0
    nt secondary err code: 0
    nt OS err code: 0


***********************************************************************
Fatal NI connect error 12500, connecting to:
 (DESCRIPTION=(ADDRESS=(PROTOCOL=TCP)(HOST=192.168.1.225)(PORT=1521))(CONNECT_DATA=(SERVICE_NAME=PRODUKSI)(CID=(PROGRAM=C:\Program Files\Borland\Delphi7\Bin\delphi32.exe)(HOST=AGUS_MIS-PC)(USER=Administrator))))

  VERSION INFORMATION:
	TNS for 32-bit Windows: Version 9.0.1.1.0 - Production
	Windows NT TCP/IP NT Protocol Adapter for 32-bit Windows: Version 9.0.1.1.0 - Production
  Time: 21-NOP-2015 09:09:18
  Tracing not turned on.
  Tns error struct:
    nr err code: 0
    ns main err code: 12564
    TNS-12564: TNS:connection refused
    ns secondary err code: 0
    nt main err code: 0
    nt secondary err code: 0
    nt OS err code: 0


***********************************************************************
Fatal NI connect error 12500, connecting to:
 (DESCRIPTION=(ADDRESS=(PROTOCOL=TCP)(HOST=192.168.1.225)(PORT=1521))(CONNECT_DATA=(SERVICE_NAME=PRODUKSI)(CID=(PROGRAM=C:\Program Files\Borland\Delphi7\Bin\delphi32.exe)(HOST=RIKI_F)(USER=MIS))))

  VERSION INFORMATION:
	TNS for 32-bit Windows: Version 9.0.1.1.0 - Production
	Windows NT TCP/IP NT Protocol Adapter for 32-bit Windows: Version 9.0.1.1.0 - Production
  Time: 27-JUN-2016 10:49:57
  Tracing not turned on.
  Tns error struct:
    nr err code: 0
    ns main err code: 12564
    TNS-12564: TNS:connection refused
    ns secondary err code: 0
    nt main err code: 0
    nt secondary err code: 0
    nt OS err code: 0


***********************************************************************
Fatal NI connect error 12500, connecting to:
 (DESCRIPTION=(ADDRESS=(PROTOCOL=TCP)(HOST=192.168.1.225)(PORT=1521))(CONNECT_DATA=(SERVICE_NAME=PRODUKSI)(CID=(PROGRAM=C:\Program Files\Borland\Delphi7\Bin\delphi32.exe)(HOST=AGUS_MIS-PC)(USER=Administrator))))

  VERSION INFORMATION:
	TNS for 32-bit Windows: Version 9.0.1.1.0 - Production
	Windows NT TCP/IP NT Protocol Adapter for 32-bit Windows: Version 9.0.1.1.0 - Production
  Time: 30-SEP-2017 10:09:46
  Tracing not turned on.
  Tns error struct:
    nr err code: 0
    ns main err code: 12564
    TNS-12564: TNS:connection refused
    ns secondary err code: 0
    nt main err code: 0
    nt secondary err code: 0
    nt OS err code: 0


***********************************************************************
Fatal NI connect error 12500, connecting to:
 (DESCRIPTION=(ADDRESS=(PROTOCOL=TCP)(HOST=192.168.1.225)(PORT=1521))(CONNECT_DATA=(SERVICE_NAME=PRODUKSI)(CID=(PROGRAM=C:\Program Files\Borland\Delphi7\Bin\delphi32.exe)(HOST=AGUS_MIS-PC)(USER=Administrator))))

  VERSION INFORMATION:
	TNS for 32-bit Windows: Version 9.0.1.1.0 - Production
	Windows NT TCP/IP NT Protocol Adapter for 32-bit Windows: Version 9.0.1.1.0 - Production
  Time: 30-SEP-2017 10:09:50
  Tracing not turned on.
  Tns error struct:
    nr err code: 0
    ns main err code: 12564
    TNS-12564: TNS:connection refused
    ns secondary err code: 0
    nt main err code: 0
    nt secondary err code: 0
    nt OS err code: 0


***********************************************************************
Fatal NI connect error 12500, connecting to:
 (DESCRIPTION=(ADDRESS=(PROTOCOL=TCP)(HOST=192.168.1.225)(PORT=1521))(CONNECT_DATA=(SERVICE_NAME=PRODUKSI)(CID=(PROGRAM=C:\Program Files\Borland\Delphi7\Bin\delphi32.exe)(HOST=AGUS_MIS-PC)(USER=Administrator))))

  VERSION INFORMATION:
	TNS for 32-bit Windows: Version 9.0.1.1.0 - Production
	Windows NT TCP/IP NT Protocol Adapter for 32-bit Windows: Version 9.0.1.1.0 - Production
  Time: 30-SEP-2017 10:10:00
  Tracing not turned on.
  Tns error struct:
    nr err code: 0
    ns main err code: 12564
    TNS-12564: TNS:connection refused
    ns secondary err code: 0
    nt main err code: 0
    nt secondary err code: 0
    nt OS err code: 0


***********************************************************************
Fatal NI connect error 12500, connecting to:
 (DESCRIPTION=(ADDRESS=(PROTOCOL=TCP)(HOST=192.168.1.225)(PORT=1521))(CONNECT_DATA=(SID=produksi)(SERVER=DEDICATED)(CID=(PROGRAM=C:\Program Files\Borland\Delphi7\Bin\delphi32.exe)(HOST=KONCONE_ANDRE)(USER=Administrator))))

  VERSION INFORMATION:
	TNS for 32-bit Windows: Version 9.0.1.1.0 - Production
	Windows NT TCP/IP NT Protocol Adapter for 32-bit Windows: Version 9.0.1.1.0 - Production
  Time: 25-JUL-2018 13:26:27
  Tracing not turned on.
  Tns error struct:
    nr err code: 0
    ns main err code: 12564
    TNS-12564: TNS:connection refused
    ns secondary err code: 0
    nt main err code: 0
    nt secondary err code: 0
    nt OS err code: 0


***********************************************************************
Fatal NI connect error 12500, connecting to:
 (DESCRIPTION=(ADDRESS=(PROTOCOL=TCP)(HOST=192.168.1.225)(PORT=1521))(CONNECT_DATA=(SID=produksi)(SERVER=DEDICATED)(CID=(PROGRAM=C:\Program Files\Borland\Delphi7\Bin\delphi32.exe)(HOST=KONCONE_ANDRE)(USER=Administrator))))

  VERSION INFORMATION:
	TNS for 32-bit Windows: Version 9.0.1.1.0 - Production
	Windows NT TCP/IP NT Protocol Adapter for 32-bit Windows: Version 9.0.1.1.0 - Production
  Time: 25-JUL-2018 13:27:42
  Tracing not turned on.
  Tns error struct:
    nr err code: 0
    ns main err code: 12564
    TNS-12564: TNS:connection refused
    ns secondary err code: 0
    nt main err code: 0
    nt secondary err code: 0
    nt OS err code: 0


***********************************************************************
Fatal NI connect error 12500, connecting to:
 (DESCRIPTION=(ADDRESS=(PROTOCOL=TCP)(HOST=192.168.1.225)(PORT=1521))(CONNECT_DATA=(SID=produksi)(SERVER=DEDICATED)(CID=(PROGRAM=C:\Program Files\Borland\Delphi7\Bin\delphi32.exe)(HOST=KONCONE_ANDRE)(USER=Administrator))))

  VERSION INFORMATION:
	TNS for 32-bit Windows: Version 9.0.1.1.0 - Production
	Windows NT TCP/IP NT Protocol Adapter for 32-bit Windows: Version 9.0.1.1.0 - Production
  Time: 25-JUL-2018 13:28:45
  Tracing not turned on.
  Tns error struct:
    nr err code: 0
    ns main err code: 12564
    TNS-12564: TNS:connection refused
    ns secondary err code: 0
    nt main err code: 0
    nt secondary err code: 0
    nt OS err code: 0


***********************************************************************
Fatal NI connect error 12500, connecting to:
 (DESCRIPTION=(ADDRESS=(PROTOCOL=TCP)(HOST=192.168.1.225)(PORT=1521))(CONNECT_DATA=(SID=produksi)(SERVER=DEDICATED)(CID=(PROGRAM=C:\Program Files\Borland\Delphi7\Bin\delphi32.exe)(HOST=KONCONE_ANDRE)(USER=Administrator))))

  VERSION INFORMATION:
	TNS for 32-bit Windows: Version 9.0.1.1.0 - Production
	Windows NT TCP/IP NT Protocol Adapter for 32-bit Windows: Version 9.0.1.1.0 - Production
  Time: 22-OKT-2018 10:46:41
  Tracing not turned on.
  Tns error struct:
    nr err code: 0
    ns main err code: 12564
    TNS-12564: TNS:connection refused
    ns secondary err code: 0
    nt main err code: 0
    nt secondary err code: 0
    nt OS err code: 0


***********************************************************************
Fatal NI connect error 12500, connecting to:
 (DESCRIPTION=(ADDRESS=(PROTOCOL=TCP)(HOST=192.168.1.225)(PORT=1521))(CONNECT_DATA=(SID=produksi)(SERVER=DEDICATED)(CID=(PROGRAM=C:\Program Files\Borland\Delphi7\Bin\delphi32.exe)(HOST=KONCONE_ANDRE)(USER=Administrator))))

  VERSION INFORMATION:
	TNS for 32-bit Windows: Version 9.0.1.1.0 - Production
	Windows NT TCP/IP NT Protocol Adapter for 32-bit Windows: Version 9.0.1.1.0 - Production
  Time: 22-OKT-2018 10:48:14
  Tracing not turned on.
  Tns error struct:
    nr err code: 0
    ns main err code: 12564
    TNS-12564: TNS:connection refused
    ns secondary err code: 0
    nt main err code: 0
    nt secondary err code: 0
    nt OS err code: 0


***********************************************************************
Fatal NI connect error 12500, connecting to:
 (DESCRIPTION=(ADDRESS=(PROTOCOL=TCP)(HOST=192.168.1.225)(PORT=1521))(CONNECT_DATA=(SID=produksi)(SERVER=DEDICATED)(CID=(PROGRAM=C:\Program Files\Borland\Delphi7\Bin\delphi32.exe)(HOST=KONCONE_ANDRE)(USER=Administrator))))

  VERSION INFORMATION:
	TNS for 32-bit Windows: Version 9.0.1.1.0 - Production
	Windows NT TCP/IP NT Protocol Adapter for 32-bit Windows: Version 9.0.1.1.0 - Production
  Time: 22-OKT-2018 11:05:28
  Tracing not turned on.
  Tns error struct:
    nr err code: 0
    ns main err code: 12564
    TNS-12564: TNS:connection refused
    ns secondary err code: 0
    nt main err code: 0
    nt secondary err code: 0
    nt OS err code: 0


***********************************************************************
Fatal NI connect error 12541, connecting to:
 (DESCRIPTION=(ADDRESS=(PROTOCOL=TCP)(HOST=192.168.1.100)(PORT=1521))(CONNECT_DATA=(SERVER=DEDICATED)(SERVICE_NAME=GDPROD)(CID=(PROGRAM=C:\Program Files\Borland\Delphi7\Bin\delphi32.exe)(HOST=CPU-PMT-0094)(USER=Administrator))))

  VERSION INFORMATION:
	TNS for 32-bit Windows: Version 9.0.1.1.0 - Production
	Windows NT TCP/IP NT Protocol Adapter for 32-bit Windows: Version 9.0.1.1.0 - Production
  Time: 04-NOV-2024 08:22:17
  Tracing not turned on.
  Tns error struct:
    nr err code: 0
    ns main err code: 12541
    TNS-12541: TNS:no listener
    ns secondary err code: 12560
    nt main err code: 511
    TNS-00511: No listener
    nt secondary err code: 61
    nt OS err code: 0


***********************************************************************
Fatal NI connect error 12518, connecting to:
 (DESCRIPTION=(ADDRESS=(PROTOCOL=TCP)(HOST=192.168.1.100)(PORT=1521))(CONNECT_DATA=(SERVER=DEDICATED)(SERVICE_NAME=GDPROD)(CID=(PROGRAM=C:\Program Files\Borland\Delphi7\Bin\delphi32.exe)(HOST=CPU-PMT-0094)(USER=Administrator))))

  VERSION INFORMATION:
	TNS for 32-bit Windows: Version 9.0.1.1.0 - Production
	Windows NT TCP/IP NT Protocol Adapter for 32-bit Windows: Version 9.0.1.1.0 - Production
  Time: 18-JAN-2025 08:27:20
  Tracing not turned on.
  Tns error struct:
    nr err code: 0
    ns main err code: 12564
    TNS-12564: TNS:connection refused
    ns secondary err code: 0
    nt main err code: 0
    nt secondary err code: 0
    nt OS err code: 0


***********************************************************************
Fatal NI connect error 12518, connecting to:
 (DESCRIPTION=(ADDRESS=(PROTOCOL=TCP)(HOST=192.168.1.100)(PORT=1521))(CONNECT_DATA=(SERVER=DEDICATED)(SERVICE_NAME=GDPROD)(CID=(PROGRAM=C:\Program Files\Borland\Delphi7\Bin\delphi32.exe)(HOST=CPU-PMT-0094)(USER=Administrator))))

  VERSION INFORMATION:
	TNS for 32-bit Windows: Version 9.0.1.1.0 - Production
	Windows NT TCP/IP NT Protocol Adapter for 32-bit Windows: Version 9.0.1.1.0 - Production
  Time: 18-JAN-2025 08:52:14
  Tracing not turned on.
  Tns error struct:
    nr err code: 0
    ns main err code: 12564
    TNS-12564: TNS:connection refused
    ns secondary err code: 0
    nt main err code: 0
    nt secondary err code: 0
    nt OS err code: 0
